{"C:\\Users\\New\\Desktop\\Things\\web\\Backends\\acadexbackend\\config.js": {"path":"C:\\Users\\New\\Desktop\\Things\\web\\Backends\\acadexbackend\\config.js","statementMap":{"0":{"start":{"line":1,"column":22},"end":{"line":1,"column":40}},"1":{"start":{"line":2,"column":23},"end":{"line":2,"column":27}},"2":{"start":{"line":5,"column":2},"end":{"line":5,"column":58}},"3":{"start":{"line":8,"column":0},"end":{"line":8,"column":68}}},"fnMap":{"0":{"name":"publicFolderUrl","decl":{"start":{"line":4,"column":9},"end":{"line":4,"column":24}},"loc":{"start":{"line":4,"column":35},"end":{"line":6,"column":1}},"line":4}},"branchMap":{},"s":{"0":1,"1":1,"2":6,"3":1},"f":{"0":6},"b":{},"_coverageSchema":"1a1c01bbd47fc00a2c39e90264f33305004495a9","hash":"33ed6a8aa5b4e5c22259bc70cb6f83280cf0153d"}
,"C:\\Users\\New\\Desktop\\Things\\web\\Backends\\acadexbackend\\index.js": {"path":"C:\\Users\\New\\Desktop\\Things\\web\\Backends\\acadexbackend\\index.js","statementMap":{"0":{"start":{"line":1,"column":16},"end":{"line":1,"column":34}},"1":{"start":{"line":2,"column":13},"end":{"line":2,"column":28}},"2":{"start":{"line":5,"column":19},"end":{"line":5,"column":53}},"3":{"start":{"line":6,"column":20},"end":{"line":6,"column":55}},"4":{"start":{"line":7,"column":21},"end":{"line":7,"column":57}},"5":{"start":{"line":8,"column":22},"end":{"line":8,"column":59}},"6":{"start":{"line":9,"column":27},"end":{"line":9,"column":46}},"7":{"start":{"line":11,"column":12},"end":{"line":11,"column":21}},"8":{"start":{"line":14,"column":0},"end":{"line":17,"column":3}},"9":{"start":{"line":15,"column":2},"end":{"line":15,"column":55}},"10":{"start":{"line":16,"column":2},"end":{"line":16,"column":9}},"11":{"start":{"line":19,"column":0},"end":{"line":19,"column":16}},"12":{"start":{"line":22,"column":0},"end":{"line":22,"column":34}},"13":{"start":{"line":25,"column":0},"end":{"line":25,"column":33}},"14":{"start":{"line":26,"column":0},"end":{"line":26,"column":34}},"15":{"start":{"line":27,"column":0},"end":{"line":27,"column":35}},"16":{"start":{"line":28,"column":0},"end":{"line":28,"column":36}},"17":{"start":{"line":31,"column":20},"end":{"line":31,"column":40}},"18":{"start":{"line":32,"column":0},"end":{"line":36,"column":1}},"19":{"start":{"line":33,"column":2},"end":{"line":35,"column":5}},"20":{"start":{"line":34,"column":4},"end":{"line":34,"column":75}},"21":{"start":{"line":38,"column":0},"end":{"line":38,"column":21}}},"fnMap":{"0":{"name":"(anonymous_0)","decl":{"start":{"line":14,"column":8},"end":{"line":14,"column":9}},"loc":{"start":{"line":14,"column":28},"end":{"line":17,"column":1}},"line":14},"1":{"name":"(anonymous_1)","decl":{"start":{"line":33,"column":29},"end":{"line":33,"column":30}},"loc":{"start":{"line":33,"column":35},"end":{"line":35,"column":3}},"line":33}},"branchMap":{"0":{"loc":{"start":{"line":32,"column":0},"end":{"line":36,"column":1}},"type":"if","locations":[{"start":{"line":32,"column":0},"end":{"line":36,"column":1}},{"start":{},"end":{}}],"line":32},"1":{"loc":{"start":{"line":32,"column":4},"end":{"line":32,"column":51}},"type":"binary-expr","locations":[{"start":{"line":32,"column":4},"end":{"line":32,"column":25}},{"start":{"line":32,"column":29},"end":{"line":32,"column":51}}],"line":32}},"s":{"0":1,"1":1,"2":1,"3":1,"4":1,"5":1,"6":1,"7":1,"8":1,"9":24,"10":24,"11":1,"12":1,"13":1,"14":1,"15":1,"16":1,"17":1,"18":1,"19":0,"20":0,"21":1},"f":{"0":24,"1":0},"b":{"0":[0,1],"1":[1,1]},"_coverageSchema":"1a1c01bbd47fc00a2c39e90264f33305004495a9","hash":"650ec48bc747b07f409d60e1791a67a683032bc6"}
,"C:\\Users\\New\\Desktop\\Things\\web\\Backends\\acadexbackend\\utilFuncs.js": {"path":"C:\\Users\\New\\Desktop\\Things\\web\\Backends\\acadexbackend\\utilFuncs.js","statementMap":{"0":{"start":{"line":1,"column":11},"end":{"line":1,"column":24}},"1":{"start":{"line":2,"column":13},"end":{"line":2,"column":28}},"2":{"start":{"line":5,"column":2},"end":{"line":5,"column":72}},"3":{"start":{"line":9,"column":2},"end":{"line":11,"column":4}},"4":{"start":{"line":15,"column":17},"end":{"line":15,"column":26}},"5":{"start":{"line":16,"column":2},"end":{"line":18,"column":3}},"6":{"start":{"line":17,"column":4},"end":{"line":17,"column":41}},"7":{"start":{"line":20,"column":2},"end":{"line":23,"column":3}},"8":{"start":{"line":21,"column":4},"end":{"line":21,"column":28}},"9":{"start":{"line":22,"column":4},"end":{"line":22,"column":33}},"10":{"start":{"line":26,"column":24},"end":{"line":26,"column":66}},"11":{"start":{"line":33,"column":2},"end":{"line":38,"column":5}},"12":{"start":{"line":34,"column":26},"end":{"line":34,"column":71}},"13":{"start":{"line":35,"column":4},"end":{"line":37,"column":5}},"14":{"start":{"line":36,"column":6},"end":{"line":36,"column":35}},"15":{"start":{"line":41,"column":0},"end":{"line":46,"column":2}}},"fnMap":{"0":{"name":"writeToDatabase","decl":{"start":{"line":4,"column":9},"end":{"line":4,"column":24}},"loc":{"start":{"line":4,"column":40},"end":{"line":6,"column":1}},"line":4},"1":{"name":"readFromDatabase","decl":{"start":{"line":8,"column":9},"end":{"line":8,"column":25}},"loc":{"start":{"line":8,"column":40},"end":{"line":12,"column":1}},"line":8},"2":{"name":"deleteFile","decl":{"start":{"line":14,"column":9},"end":{"line":14,"column":19}},"loc":{"start":{"line":14,"column":30},"end":{"line":24,"column":1}},"line":14},"3":{"name":"deletePossibleFiles","decl":{"start":{"line":27,"column":9},"end":{"line":27,"column":28}},"loc":{"start":{"line":31,"column":2},"end":{"line":39,"column":1}},"line":31},"4":{"name":"(anonymous_4)","decl":{"start":{"line":33,"column":29},"end":{"line":33,"column":30}},"loc":{"start":{"line":33,"column":43},"end":{"line":38,"column":3}},"line":33}},"branchMap":{"0":{"loc":{"start":{"line":20,"column":2},"end":{"line":23,"column":3}},"type":"if","locations":[{"start":{"line":20,"column":2},"end":{"line":23,"column":3}},{"start":{},"end":{}}],"line":20},"1":{"loc":{"start":{"line":30,"column":2},"end":{"line":30,"column":38}},"type":"default-arg","locations":[{"start":{"line":30,"column":23},"end":{"line":30,"column":38}}],"line":30},"2":{"loc":{"start":{"line":35,"column":4},"end":{"line":37,"column":5}},"type":"if","locations":[{"start":{"line":35,"column":4},"end":{"line":37,"column":5}},{"start":{},"end":{}}],"line":35}},"s":{"0":1,"1":1,"2":12,"3":1,"4":5,"5":5,"6":10,"7":5,"8":5,"9":5,"10":1,"11":1,"12":5,"13":5,"14":0,"15":1},"f":{"0":12,"1":1,"2":5,"3":1,"4":5},"b":{"0":[5,0],"1":[1],"2":[0,5]},"_coverageSchema":"1a1c01bbd47fc00a2c39e90264f33305004495a9","hash":"7a35ffbf3eda1313d0e00e988c95cf6e98e1a51e"}
,"C:\\Users\\New\\Desktop\\Things\\web\\Backends\\acadexbackend\\Controller\\Student\\Student.js": {"path":"C:\\Users\\New\\Desktop\\Things\\web\\Backends\\acadexbackend\\Controller\\Student\\Student.js","statementMap":{"0":{"start":{"line":1,"column":29},"end":{"line":1,"column":55}},"1":{"start":{"line":3,"column":15},"end":{"line":3,"column":19}},"2":{"start":{"line":6,"column":2},"end":{"line":9,"column":3}},"3":{"start":{"line":7,"column":4},"end":{"line":7,"column":60}},"4":{"start":{"line":8,"column":4},"end":{"line":8,"column":49}},"5":{"start":{"line":10,"column":2},"end":{"line":10,"column":18}},"6":{"start":{"line":13,"column":0},"end":{"line":13,"column":33}}},"fnMap":{"0":{"name":"getStudents","decl":{"start":{"line":5,"column":9},"end":{"line":5,"column":20}},"loc":{"start":{"line":5,"column":23},"end":{"line":11,"column":1}},"line":5}},"branchMap":{"0":{"loc":{"start":{"line":6,"column":2},"end":{"line":9,"column":3}},"type":"if","locations":[{"start":{"line":6,"column":2},"end":{"line":9,"column":3}},{"start":{},"end":{}}],"line":6}},"s":{"0":1,"1":1,"2":22,"3":1,"4":1,"5":22,"6":1},"f":{"0":22},"b":{"0":[1,21]},"_coverageSchema":"1a1c01bbd47fc00a2c39e90264f33305004495a9","hash":"54cb5dafddb0d07c241a5838ef1b84404982a67c"}
,"C:\\Users\\New\\Desktop\\Things\\web\\Backends\\acadexbackend\\Controller\\Student\\multerFileHandling.js": {"path":"C:\\Users\\New\\Desktop\\Things\\web\\Backends\\acadexbackend\\Controller\\Student\\multerFileHandling.js","statementMap":{"0":{"start":{"line":1,"column":15},"end":{"line":1,"column":32}},"1":{"start":{"line":2,"column":13},"end":{"line":2,"column":28}},"2":{"start":{"line":3,"column":13},"end":{"line":3,"column":28}},"3":{"start":{"line":4,"column":32},"end":{"line":4,"column":58}},"4":{"start":{"line":8,"column":2},"end":{"line":8,"column":55}},"5":{"start":{"line":11,"column":16},"end":{"line":16,"column":2}},"6":{"start":{"line":14,"column":4},"end":{"line":14,"column":65}},"7":{"start":{"line":19,"column":32},"end":{"line":27,"column":2}},"8":{"start":{"line":22,"column":16},"end":{"line":22,"column":61}},"9":{"start":{"line":23,"column":22},"end":{"line":23,"column":42}},"10":{"start":{"line":24,"column":4},"end":{"line":24,"column":67}},"11":{"start":{"line":25,"column":4},"end":{"line":25,"column":30}},"12":{"start":{"line":29,"column":29},"end":{"line":29,"column":57}},"13":{"start":{"line":30,"column":29},"end":{"line":30,"column":73}},"14":{"start":{"line":32,"column":0},"end":{"line":32,"column":64}}},"fnMap":{"0":{"name":"profileDestination","decl":{"start":{"line":7,"column":9},"end":{"line":7,"column":27}},"loc":{"start":{"line":7,"column":43},"end":{"line":9,"column":1}},"line":7},"1":{"name":"(anonymous_1)","decl":{"start":{"line":13,"column":12},"end":{"line":13,"column":13}},"loc":{"start":{"line":13,"column":31},"end":{"line":15,"column":3}},"line":13},"2":{"name":"(anonymous_2)","decl":{"start":{"line":21,"column":12},"end":{"line":21,"column":13}},"loc":{"start":{"line":21,"column":31},"end":{"line":26,"column":3}},"line":21}},"branchMap":{},"s":{"0":1,"1":1,"2":1,"3":1,"4":6,"5":1,"6":5,"7":1,"8":1,"9":1,"10":1,"11":1,"12":1,"13":1,"14":1},"f":{"0":6,"1":5,"2":1},"b":{},"_coverageSchema":"1a1c01bbd47fc00a2c39e90264f33305004495a9","hash":"4194741581dde0bfc1592dcc19b8fd75f0f13754"}
,"C:\\Users\\New\\Desktop\\Things\\web\\Backends\\acadexbackend\\Resources\\Student\\delete.js": {"path":"C:\\Users\\New\\Desktop\\Things\\web\\Backends\\acadexbackend\\Resources\\Student\\delete.js","statementMap":{"0":{"start":{"line":1,"column":16},"end":{"line":1,"column":34}},"1":{"start":{"line":2,"column":24},"end":{"line":2,"column":67}},"2":{"start":{"line":3,"column":40},"end":{"line":3,"column":66}},"3":{"start":{"line":4,"column":13},"end":{"line":4,"column":28}},"4":{"start":{"line":6,"column":15},"end":{"line":6,"column":31}},"5":{"start":{"line":9,"column":0},"end":{"line":27,"column":3}},"6":{"start":{"line":10,"column":19},"end":{"line":10,"column":32}},"7":{"start":{"line":11,"column":20},"end":{"line":11,"column":40}},"8":{"start":{"line":12,"column":2},"end":{"line":26,"column":3}},"9":{"start":{"line":14,"column":27},"end":{"line":14,"column":70}},"10":{"start":{"line":15,"column":4},"end":{"line":17,"column":5}},"11":{"start":{"line":16,"column":6},"end":{"line":16,"column":43}},"12":{"start":{"line":20,"column":4},"end":{"line":20,"column":31}},"13":{"start":{"line":21,"column":4},"end":{"line":21,"column":47}},"14":{"start":{"line":23,"column":4},"end":{"line":23,"column":39}},"15":{"start":{"line":25,"column":4},"end":{"line":25,"column":47}},"16":{"start":{"line":29,"column":0},"end":{"line":29,"column":24}}},"fnMap":{"0":{"name":"(anonymous_0)","decl":{"start":{"line":9,"column":29},"end":{"line":9,"column":30}},"loc":{"start":{"line":9,"column":43},"end":{"line":27,"column":1}},"line":9}},"branchMap":{"0":{"loc":{"start":{"line":12,"column":2},"end":{"line":26,"column":3}},"type":"if","locations":[{"start":{"line":12,"column":2},"end":{"line":26,"column":3}},{"start":{"line":24,"column":9},"end":{"line":26,"column":3}}],"line":12},"1":{"loc":{"start":{"line":15,"column":4},"end":{"line":17,"column":5}},"type":"if","locations":[{"start":{"line":15,"column":4},"end":{"line":17,"column":5}},{"start":{},"end":{}}],"line":15}},"s":{"0":1,"1":1,"2":1,"3":1,"4":1,"5":1,"6":8,"7":8,"8":8,"9":5,"10":5,"11":5,"12":5,"13":5,"14":5,"15":3,"16":1},"f":{"0":8},"b":{"0":[5,3],"1":[5,0]},"_coverageSchema":"1a1c01bbd47fc00a2c39e90264f33305004495a9","hash":"b73df68bf3e316e43bb6a92197872e7653513677"}
,"C:\\Users\\New\\Desktop\\Things\\web\\Backends\\acadexbackend\\Resources\\Student\\get.js": {"path":"C:\\Users\\New\\Desktop\\Things\\web\\Backends\\acadexbackend\\Resources\\Student\\get.js","statementMap":{"0":{"start":{"line":1,"column":16},"end":{"line":1,"column":34}},"1":{"start":{"line":2,"column":29},"end":{"line":2,"column":55}},"2":{"start":{"line":3,"column":24},"end":{"line":3,"column":67}},"3":{"start":{"line":5,"column":15},"end":{"line":5,"column":31}},"4":{"start":{"line":8,"column":0},"end":{"line":10,"column":3}},"5":{"start":{"line":9,"column":2},"end":{"line":9,"column":26}},"6":{"start":{"line":13,"column":0},"end":{"line":20,"column":3}},"7":{"start":{"line":14,"column":19},"end":{"line":14,"column":32}},"8":{"start":{"line":15,"column":2},"end":{"line":19,"column":3}},"9":{"start":{"line":16,"column":4},"end":{"line":16,"column":41}},"10":{"start":{"line":18,"column":4},"end":{"line":18,"column":47}},"11":{"start":{"line":22,"column":0},"end":{"line":22,"column":24}}},"fnMap":{"0":{"name":"(anonymous_0)","decl":{"start":{"line":8,"column":16},"end":{"line":8,"column":17}},"loc":{"start":{"line":8,"column":30},"end":{"line":10,"column":1}},"line":8},"1":{"name":"(anonymous_1)","decl":{"start":{"line":13,"column":22},"end":{"line":13,"column":23}},"loc":{"start":{"line":13,"column":36},"end":{"line":20,"column":1}},"line":13}},"branchMap":{"0":{"loc":{"start":{"line":15,"column":2},"end":{"line":19,"column":3}},"type":"if","locations":[{"start":{"line":15,"column":2},"end":{"line":19,"column":3}},{"start":{"line":17,"column":9},"end":{"line":19,"column":3}}],"line":15}},"s":{"0":1,"1":1,"2":1,"3":1,"4":1,"5":2,"6":1,"7":4,"8":4,"9":2,"10":2,"11":1},"f":{"0":2,"1":4},"b":{"0":[2,2]},"_coverageSchema":"1a1c01bbd47fc00a2c39e90264f33305004495a9","hash":"882627c887485980c8afe9e3c40ddc987d94b468"}
,"C:\\Users\\New\\Desktop\\Things\\web\\Backends\\acadexbackend\\Resources\\Student\\patch.js": {"path":"C:\\Users\\New\\Desktop\\Things\\web\\Backends\\acadexbackend\\Resources\\Student\\patch.js","statementMap":{"0":{"start":{"line":1,"column":16},"end":{"line":1,"column":34}},"1":{"start":{"line":5,"column":4},"end":{"line":5,"column":58}},"2":{"start":{"line":6,"column":24},"end":{"line":6,"column":67}},"3":{"start":{"line":7,"column":28},"end":{"line":7,"column":54}},"4":{"start":{"line":8,"column":28},"end":{"line":8,"column":51}},"5":{"start":{"line":10,"column":15},"end":{"line":10,"column":31}},"6":{"start":{"line":13,"column":0},"end":{"line":37,"column":2}},"7":{"start":{"line":17,"column":21},"end":{"line":17,"column":34}},"8":{"start":{"line":18,"column":22},"end":{"line":18,"column":42}},"9":{"start":{"line":19,"column":24},"end":{"line":19,"column":50}},"10":{"start":{"line":21,"column":4},"end":{"line":24,"column":5}},"11":{"start":{"line":22,"column":6},"end":{"line":22,"column":49}},"12":{"start":{"line":23,"column":6},"end":{"line":23,"column":13}},"13":{"start":{"line":26,"column":4},"end":{"line":29,"column":5}},"14":{"start":{"line":27,"column":6},"end":{"line":27,"column":64}},"15":{"start":{"line":28,"column":6},"end":{"line":28,"column":37}},"16":{"start":{"line":32,"column":4},"end":{"line":32,"column":69}},"17":{"start":{"line":33,"column":4},"end":{"line":33,"column":47}},"18":{"start":{"line":35,"column":4},"end":{"line":35,"column":48}},"19":{"start":{"line":39,"column":0},"end":{"line":39,"column":24}}},"fnMap":{"0":{"name":"(anonymous_0)","decl":{"start":{"line":16,"column":2},"end":{"line":16,"column":3}},"loc":{"start":{"line":16,"column":16},"end":{"line":36,"column":3}},"line":16}},"branchMap":{"0":{"loc":{"start":{"line":21,"column":4},"end":{"line":24,"column":5}},"type":"if","locations":[{"start":{"line":21,"column":4},"end":{"line":24,"column":5}},{"start":{},"end":{}}],"line":21},"1":{"loc":{"start":{"line":26,"column":4},"end":{"line":29,"column":5}},"type":"if","locations":[{"start":{"line":26,"column":4},"end":{"line":29,"column":5}},{"start":{},"end":{}}],"line":26}},"s":{"0":1,"1":1,"2":1,"3":1,"4":1,"5":1,"6":1,"7":3,"8":3,"9":3,"10":3,"11":1,"12":1,"13":2,"14":1,"15":1,"16":2,"17":2,"18":2,"19":1},"f":{"0":3},"b":{"0":[1,2],"1":[1,1]},"_coverageSchema":"1a1c01bbd47fc00a2c39e90264f33305004495a9","hash":"1436af5a812cda9118b1ec6ffe6f67479f97a40e"}
,"C:\\Users\\New\\Desktop\\Things\\web\\Backends\\acadexbackend\\Resources\\Student\\post.js": {"path":"C:\\Users\\New\\Desktop\\Things\\web\\Backends\\acadexbackend\\Resources\\Student\\post.js","statementMap":{"0":{"start":{"line":1,"column":16},"end":{"line":1,"column":34}},"1":{"start":{"line":2,"column":13},"end":{"line":2,"column":28}},"2":{"start":{"line":5,"column":4},"end":{"line":5,"column":58}},"3":{"start":{"line":6,"column":24},"end":{"line":6,"column":67}},"4":{"start":{"line":7,"column":28},"end":{"line":7,"column":51}},"5":{"start":{"line":8,"column":28},"end":{"line":8,"column":54}},"6":{"start":{"line":10,"column":15},"end":{"line":10,"column":31}},"7":{"start":{"line":13,"column":0},"end":{"line":40,"column":2}},"8":{"start":{"line":16,"column":4},"end":{"line":16,"column":51}},"9":{"start":{"line":17,"column":4},"end":{"line":17,"column":11}},"10":{"start":{"line":21,"column":21},"end":{"line":21,"column":34}},"11":{"start":{"line":22,"column":19},"end":{"line":22,"column":50}},"12":{"start":{"line":24,"column":25},"end":{"line":24,"column":41}},"13":{"start":{"line":26,"column":25},"end":{"line":26,"column":76}},"14":{"start":{"line":29,"column":23},"end":{"line":32,"column":5}},"15":{"start":{"line":35,"column":4},"end":{"line":35,"column":40}},"16":{"start":{"line":36,"column":4},"end":{"line":36,"column":47}},"17":{"start":{"line":38,"column":4},"end":{"line":38,"column":75}},"18":{"start":{"line":42,"column":0},"end":{"line":42,"column":24}}},"fnMap":{"0":{"name":"(anonymous_0)","decl":{"start":{"line":15,"column":2},"end":{"line":15,"column":3}},"loc":{"start":{"line":15,"column":22},"end":{"line":18,"column":3}},"line":15},"1":{"name":"(anonymous_1)","decl":{"start":{"line":20,"column":2},"end":{"line":20,"column":3}},"loc":{"start":{"line":20,"column":16},"end":{"line":39,"column":3}},"line":20}},"branchMap":{"0":{"loc":{"start":{"line":26,"column":25},"end":{"line":26,"column":76}},"type":"cond-expr","locations":[{"start":{"line":26,"column":36},"end":{"line":26,"column":53}},{"start":{"line":26,"column":56},"end":{"line":26,"column":76}}],"line":26}},"s":{"0":1,"1":1,"2":1,"3":1,"4":1,"5":1,"6":1,"7":1,"8":5,"9":5,"10":5,"11":5,"12":5,"13":5,"14":5,"15":5,"16":5,"17":5,"18":1},"f":{"0":5,"1":5},"b":{"0":[5,0]},"_coverageSchema":"1a1c01bbd47fc00a2c39e90264f33305004495a9","hash":"fcbc0e1f18ad57bbea43ad0b4ea6e62dd254853f"}
}
