TN:
SF:config.js
FN:4,publicFolderUrl
FNF:1
FNH:1
FNDA:6,publicFolderUrl
DA:1,1
DA:2,1
DA:5,6
DA:8,1
LF:4
LH:4
BRF:0
BRH:0
end_of_record
TN:
SF:index.js
FN:14,(anonymous_0)
FN:33,(anonymous_1)
FNF:2
FNH:1
FNDA:24,(anonymous_0)
FNDA:0,(anonymous_1)
DA:1,1
DA:2,1
DA:5,1
DA:6,1
DA:7,1
DA:8,1
DA:9,1
DA:11,1
DA:14,1
DA:15,24
DA:16,24
DA:19,1
DA:22,1
DA:25,1
DA:26,1
DA:27,1
DA:28,1
DA:31,1
DA:32,1
DA:33,0
DA:34,0
DA:38,1
LF:22
LH:20
BRDA:32,0,0,0
BRDA:32,0,1,1
BRDA:32,1,0,1
BRDA:32,1,1,1
BRF:4
BRH:3
end_of_record
TN:
SF:utilFuncs.js
FN:4,writeToDatabase
FN:8,readFromDatabase
FN:14,deleteFile
FN:27,deletePossibleFiles
FN:33,(anonymous_4)
FNF:5
FNH:5
FNDA:12,writeToDatabase
FNDA:1,readFromDatabase
FNDA:5,deleteFile
FNDA:1,deletePossibleFiles
FNDA:5,(anonymous_4)
DA:1,1
DA:2,1
DA:5,12
DA:9,1
DA:15,5
DA:16,5
DA:17,10
DA:20,5
DA:21,5
DA:22,5
DA:26,1
DA:33,1
DA:34,5
DA:35,5
DA:36,0
DA:41,1
LF:16
LH:15
BRDA:20,0,0,5
BRDA:20,0,1,0
BRDA:30,1,0,1
BRDA:35,2,0,0
BRDA:35,2,1,5
BRF:5
BRH:3
end_of_record
TN:
SF:Controller\Student\Student.js
FN:5,getStudents
FNF:1
FNH:1
FNDA:22,getStudents
DA:1,1
DA:3,1
DA:6,22
DA:7,1
DA:8,1
DA:10,22
DA:13,1
LF:7
LH:7
BRDA:6,0,0,1
BRDA:6,0,1,21
BRF:2
BRH:2
end_of_record
TN:
SF:Controller\Student\multerFileHandling.js
FN:7,profileDestination
FN:13,(anonymous_1)
FN:21,(anonymous_2)
FNF:3
FNH:3
FNDA:6,profileDestination
FNDA:5,(anonymous_1)
FNDA:1,(anonymous_2)
DA:1,1
DA:2,1
DA:3,1
DA:4,1
DA:8,6
DA:11,1
DA:14,5
DA:19,1
DA:22,1
DA:23,1
DA:24,1
DA:25,1
DA:29,1
DA:30,1
DA:32,1
LF:15
LH:15
BRF:0
BRH:0
end_of_record
TN:
SF:Resources\Student\delete.js
FN:9,(anonymous_0)
FNF:1
FNH:1
FNDA:8,(anonymous_0)
DA:1,1
DA:2,1
DA:3,1
DA:4,1
DA:6,1
DA:9,1
DA:10,8
DA:11,8
DA:12,8
DA:14,5
DA:15,5
DA:16,5
DA:20,5
DA:21,5
DA:23,5
DA:25,3
DA:29,1
LF:17
LH:17
BRDA:12,0,0,5
BRDA:12,0,1,3
BRDA:15,1,0,5
BRDA:15,1,1,0
BRF:4
BRH:3
end_of_record
TN:
SF:Resources\Student\get.js
FN:8,(anonymous_0)
FN:13,(anonymous_1)
FNF:2
FNH:2
FNDA:2,(anonymous_0)
FNDA:4,(anonymous_1)
DA:1,1
DA:2,1
DA:3,1
DA:5,1
DA:8,1
DA:9,2
DA:13,1
DA:14,4
DA:15,4
DA:16,2
DA:18,2
DA:22,1
LF:12
LH:12
BRDA:15,0,0,2
BRDA:15,0,1,2
BRF:2
BRH:2
end_of_record
TN:
SF:Resources\Student\patch.js
FN:16,(anonymous_0)
FNF:1
FNH:1
FNDA:3,(anonymous_0)
DA:1,1
DA:5,1
DA:6,1
DA:7,1
DA:8,1
DA:10,1
DA:13,1
DA:17,3
DA:18,3
DA:19,3
DA:21,3
DA:22,1
DA:23,1
DA:26,2
DA:27,1
DA:28,1
DA:32,2
DA:33,2
DA:35,2
DA:39,1
LF:20
LH:20
BRDA:21,0,0,1
BRDA:21,0,1,2
BRDA:26,1,0,1
BRDA:26,1,1,1
BRF:4
BRH:4
end_of_record
TN:
SF:Resources\Student\post.js
FN:15,(anonymous_0)
FN:20,(anonymous_1)
FNF:2
FNH:2
FNDA:5,(anonymous_0)
FNDA:5,(anonymous_1)
DA:1,1
DA:2,1
DA:5,1
DA:6,1
DA:7,1
DA:8,1
DA:10,1
DA:13,1
DA:16,5
DA:17,5
DA:21,5
DA:22,5
DA:24,5
DA:26,5
DA:29,5
DA:35,5
DA:36,5
DA:38,5
DA:42,1
LF:19
LH:19
BRDA:26,0,0,5
BRDA:26,0,1,0
BRF:2
BRH:1
end_of_record
